\BOOKMARK [1][-]{section.1}{Background}{}% 1
\BOOKMARK [2][-]{subsection.1.1}{Problem Description}{section.1}% 2
\BOOKMARK [2][-]{subsection.1.2}{KDD 2010 Data Set Description}{section.1}% 3
\BOOKMARK [1][-]{section.2}{Related Works}{}% 4
\BOOKMARK [1][-]{section.3}{Learning Model}{}% 5
\BOOKMARK [2][-]{subsection.3.1}{Feature Extraction}{section.3}% 6
\BOOKMARK [2][-]{subsection.3.2}{Naive Bayes}{section.3}% 7
\BOOKMARK [2][-]{subsection.3.3}{Logistic Regression}{section.3}% 8
\BOOKMARK [2][-]{subsection.3.4}{Support Vector Machine}{section.3}% 9
\BOOKMARK [2][-]{subsection.3.5}{AdaBoost}{section.3}% 10
\BOOKMARK [2][-]{subsection.3.6}{K-Means}{section.3}% 11
\BOOKMARK [1][-]{section.4}{Experiment Results}{}% 12
\BOOKMARK [2][-]{subsection.4.1}{Data Preprocessing}{section.4}% 13
\BOOKMARK [2][-]{subsection.4.2}{Naive Bayes}{section.4}% 14
\BOOKMARK [2][-]{subsection.4.3}{Logistic Regression}{section.4}% 15
\BOOKMARK [2][-]{subsection.4.4}{Support Vector Machine}{section.4}% 16
\BOOKMARK [3][-]{subsubsection.4.4.1}{Cross Validation}{subsection.4.4}% 17
\BOOKMARK [3][-]{subsubsection.4.4.2}{Classification Results}{subsection.4.4}% 18
\BOOKMARK [2][-]{subsection.4.5}{AdaBoost}{section.4}% 19
\BOOKMARK [2][-]{subsection.4.6}{Feature Extraction}{section.4}% 20
\BOOKMARK [1][-]{section.5}{Conclusion}{}% 21
\BOOKMARK [1][-]{section.6}{Next Step}{}% 22
